<?xml version="1.0" encoding="UTF-8"?>
<testng-results ignored="9" total="10" passed="0" failed="1" skipped="0">
  <reporter-output>
  </reporter-output>
  <suite started-at="2024-07-23T18:05:23 IST" name="Default suite" finished-at="2024-07-23T18:06:04 IST" duration-ms="41162">
    <groups>
    </groups>
    <test started-at="2024-07-23T18:05:23 IST" name="Default test" finished-at="2024-07-23T18:06:04 IST" duration-ms="41162">
      <class name="org.myuplink.testcase.Schedules">
        <test-method is-config="true" signature="browserSetup()[pri:0, instance:org.myuplink.testcase.Schedules@272113c4]" started-at="2024-07-23T18:05:23 IST" name="browserSetup" finished-at="2024-07-23T18:05:34 IST" duration-ms="10680" status="PASS">
          <reporter-output>
          </reporter-output>
        </test-method> <!-- browserSetup -->
        <test-method is-config="true" signature="reachToSchedulePage()[pri:0, instance:org.myuplink.testcase.Schedules@272113c4]" started-at="2024-07-23T18:05:34 IST" name="reachToSchedulePage" description="Reaching to Schedule page" finished-at="2024-07-23T18:05:44 IST" duration-ms="10339" status="PASS">
          <reporter-output>
          </reporter-output>
        </test-method> <!-- reachToSchedulePage -->
        <test-method signature="testDeleteEvent()[pri:0, instance:org.myuplink.testcase.Schedules@272113c4]" started-at="2024-07-23T18:05:44 IST" name="testDeleteEvent" description="delete particular event when event is present" finished-at="2024-07-23T18:06:04 IST" duration-ms="20112" status="FAIL">
          <exception class="java.lang.AssertionError">
            <message>
              <![CDATA[Mode not found]]>
            </message>
            <full-stacktrace>
              <![CDATA[java.lang.AssertionError: Mode not found
at pageEvents.SchedulePage.deleteScheduleEvent(SchedulePage.java:289)
at org.myuplink.testcase.Schedules.testDeleteEvent(Schedules.java:127)
at java.base/jdk.internal.reflect.NativeMethodAccessorImpl.invoke0(Native Method)
at java.base/jdk.internal.reflect.NativeMethodAccessorImpl.invoke(NativeMethodAccessorImpl.java:62)
at java.base/jdk.internal.reflect.DelegatingMethodAccessorImpl.invoke(DelegatingMethodAccessorImpl.java:43)
at java.base/java.lang.reflect.Method.invoke(Method.java:566)
at org.testng.internal.MethodInvocationHelper.invokeMethod(MethodInvocationHelper.java:133)
at org.testng.internal.TestInvoker.invokeMethod(TestInvoker.java:598)
at org.testng.internal.TestInvoker.invokeTestMethod(TestInvoker.java:173)
at org.testng.internal.MethodRunner.runInSequence(MethodRunner.java:46)
at org.testng.internal.TestInvoker$MethodInvocationAgent.invoke(TestInvoker.java:824)
at org.testng.internal.TestInvoker.invokeTestMethods(TestInvoker.java:146)
at org.testng.internal.TestMethodWorker.invokeTestMethods(TestMethodWorker.java:146)
at org.testng.internal.TestMethodWorker.run(TestMethodWorker.java:128)
at java.base/java.util.ArrayList.forEach(ArrayList.java:1541)
at org.testng.TestRunner.privateRun(TestRunner.java:794)
at org.testng.TestRunner.run(TestRunner.java:596)
at org.testng.SuiteRunner.runTest(SuiteRunner.java:377)
at org.testng.SuiteRunner.runSequentially(SuiteRunner.java:371)
at org.testng.SuiteRunner.privateRun(SuiteRunner.java:332)
at org.testng.SuiteRunner.run(SuiteRunner.java:276)
at org.testng.SuiteRunnerWorker.runSuite(SuiteRunnerWorker.java:53)
at org.testng.SuiteRunnerWorker.run(SuiteRunnerWorker.java:96)
at org.testng.TestNG.runSuitesSequentially(TestNG.java:1212)
at org.testng.TestNG.runSuitesLocally(TestNG.java:1134)
at org.testng.TestNG.runSuites(TestNG.java:1063)
at org.testng.TestNG.run(TestNG.java:1031)
at org.testng.remote.AbstractRemoteTestNG.run(AbstractRemoteTestNG.java:115)
at org.testng.remote.RemoteTestNG.initAndRun(RemoteTestNG.java:251)
at org.testng.remote.RemoteTestNG.main(RemoteTestNG.java:77)
]]>
            </full-stacktrace>
          </exception> <!-- java.lang.AssertionError -->
          <reporter-output>
          </reporter-output>
        </test-method> <!-- testDeleteEvent -->
        <test-method is-config="true" signature="tearDown()[pri:0, instance:org.myuplink.testcase.Schedules@272113c4]" started-at="2024-07-23T18:06:04 IST" name="tearDown" finished-at="2024-07-23T18:06:04 IST" duration-ms="0" status="PASS">
          <reporter-output>
          </reporter-output>
        </test-method> <!-- tearDown -->
      </class> <!-- org.myuplink.testcase.Schedules -->
    </test> <!-- Default test -->
  </suite> <!-- Default suite -->
</testng-results>
